C:\USERS\ARISTOTLE\DOCUMENTS\VISUAL STUDIO 2010\PROJECTS\VISLIB8\DEBUG\VARC.EXE
C:\USERS\ARISTOTLE\DOCUMENTS\VISUAL STUDIO 2010\PROJECTS\VISLIB8\DEBUG\VARC.ILK
C:\USERS\ARISTOTLE\DOCUMENTS\VISUAL STUDIO 2010\PROJECTS\VISLIB8\DEBUG\VARC.PDB
C:\USERS\ARISTOTLE\DOCUMENTS\VISUAL STUDIO 2010\PROJECTS\VISLIB8\VARC\DEBUG\MAIN.OBJ
C:\USERS\ARISTOTLE\DOCUMENTS\VISUAL STUDIO 2010\PROJECTS\VISLIB8\VARC\DEBUG\MAIN.RES
C:\USERS\ARISTOTLE\DOCUMENTS\VISUAL STUDIO 2010\PROJECTS\VISLIB8\VARC\DEBUG\VC100.PDB
G:\root\home\Aristotle\cym\vislib8\varc\Debug\cl.command.1.tlog
G:\root\home\Aristotle\cym\vislib8\varc\Debug\CL.read.1.tlog
G:\root\home\Aristotle\cym\vislib8\varc\Debug\CL.write.1.tlog
G:\root\home\Aristotle\cym\vislib8\varc\Debug\link.command.1.tlog
G:\root\home\Aristotle\cym\vislib8\varc\Debug\link.read.1.tlog
G:\root\home\Aristotle\cym\vislib8\varc\Debug\link.write.1.tlog
G:\root\home\Aristotle\cym\vislib8\varc\Debug\link-cvtres.read.1.tlog
G:\root\home\Aristotle\cym\vislib8\varc\Debug\link-cvtres.write.1.tlog
G:\root\home\Aristotle\cym\vislib8\varc\Debug\main.obj
G:\root\home\Aristotle\cym\vislib8\varc\Debug\main.res
G:\root\home\Aristotle\cym\vislib8\varc\Debug\rc.command.1.tlog
G:\root\home\Aristotle\cym\vislib8\varc\Debug\rc.read.1.tlog
G:\root\home\Aristotle\cym\vislib8\varc\Debug\rc.write.1.tlog
G:\root\home\Aristotle\cym\vislib8\varc\Debug\varc.write.1.tlog
G:\root\home\Aristotle\cym\vislib8\varc\Debug\vc100.idb
G:\root\home\Aristotle\cym\vislib8\varc\Debug\vc100.pdb
