C:\USERS\ARISTOTLE\DOCUMENTS\VISUAL STUDIO 2010\PROJECTS\VISLIB8\DEBUG\SSPRITE.EXE
C:\USERS\ARISTOTLE\DOCUMENTS\VISUAL STUDIO 2010\PROJECTS\VISLIB8\DEBUG\SSPRITE.ILK
C:\USERS\ARISTOTLE\DOCUMENTS\VISUAL STUDIO 2010\PROJECTS\VISLIB8\DEBUG\SSPRITE.PDB
C:\USERS\ARISTOTLE\DOCUMENTS\VISUAL STUDIO 2010\PROJECTS\VISLIB8\SSPRITE\DEBUG\MAIN.OBJ
C:\USERS\ARISTOTLE\DOCUMENTS\VISUAL STUDIO 2010\PROJECTS\VISLIB8\SSPRITE\DEBUG\MAIN.RES
C:\USERS\ARISTOTLE\DOCUMENTS\VISUAL STUDIO 2010\PROJECTS\VISLIB8\SSPRITE\DEBUG\VC100.PDB
G:\root\home\Aristotle\cym\vislib8\ssprite\Debug\cl.command.1.tlog
G:\root\home\Aristotle\cym\vislib8\ssprite\Debug\CL.read.1.tlog
G:\root\home\Aristotle\cym\vislib8\ssprite\Debug\CL.write.1.tlog
G:\root\home\Aristotle\cym\vislib8\ssprite\Debug\link.command.1.tlog
G:\root\home\Aristotle\cym\vislib8\ssprite\Debug\link.read.1.tlog
G:\root\home\Aristotle\cym\vislib8\ssprite\Debug\link.write.1.tlog
G:\root\home\Aristotle\cym\vislib8\ssprite\Debug\link-cvtres.read.1.tlog
G:\root\home\Aristotle\cym\vislib8\ssprite\Debug\link-cvtres.write.1.tlog
G:\root\home\Aristotle\cym\vislib8\ssprite\Debug\main.obj
G:\root\home\Aristotle\cym\vislib8\ssprite\Debug\main.res
G:\root\home\Aristotle\cym\vislib8\ssprite\Debug\rc.command.1.tlog
G:\root\home\Aristotle\cym\vislib8\ssprite\Debug\rc.read.1.tlog
G:\root\home\Aristotle\cym\vislib8\ssprite\Debug\rc.write.1.tlog
G:\root\home\Aristotle\cym\vislib8\ssprite\Debug\ssprite.write.1.tlog
G:\root\home\Aristotle\cym\vislib8\ssprite\Debug\vc100.idb
G:\root\home\Aristotle\cym\vislib8\ssprite\Debug\vc100.pdb
