C:\USERS\ARISTOTLE\DOCUMENTS\VISUAL STUDIO 2010\PROJECTS\VISLIB8\DEBUG\VISLIB8.LIB
C:\USERS\ARISTOTLE\DOCUMENTS\VISUAL STUDIO 2010\PROJECTS\VISLIB8\VISLIB8\DEBUG\AES.OBJ
C:\USERS\ARISTOTLE\DOCUMENTS\VISUAL STUDIO 2010\PROJECTS\VISLIB8\VISLIB8\DEBUG\BZIP2.OBJ
C:\USERS\ARISTOTLE\DOCUMENTS\VISUAL STUDIO 2010\PROJECTS\VISLIB8\VISLIB8\DEBUG\GEOMETRY.OBJ
C:\USERS\ARISTOTLE\DOCUMENTS\VISUAL STUDIO 2010\PROJECTS\VISLIB8\VISLIB8\DEBUG\GLFUNCS.OBJ
C:\USERS\ARISTOTLE\DOCUMENTS\VISUAL STUDIO 2010\PROJECTS\VISLIB8\VISLIB8\DEBUG\JPEG.OBJ
C:\USERS\ARISTOTLE\DOCUMENTS\VISUAL STUDIO 2010\PROJECTS\VISLIB8\VISLIB8\DEBUG\NET.OBJ
C:\USERS\ARISTOTLE\DOCUMENTS\VISUAL STUDIO 2010\PROJECTS\VISLIB8\VISLIB8\DEBUG\SHADERS.OBJ
C:\USERS\ARISTOTLE\DOCUMENTS\VISUAL STUDIO 2010\PROJECTS\VISLIB8\VISLIB8\DEBUG\SURFACES.OBJ
C:\USERS\ARISTOTLE\DOCUMENTS\VISUAL STUDIO 2010\PROJECTS\VISLIB8\VISLIB8\DEBUG\VC100.PDB
C:\USERS\ARISTOTLE\DOCUMENTS\VISUAL STUDIO 2010\PROJECTS\VISLIB8\VISLIB8\DEBUG\VISLIB.OBJ
G:\root\home\Aristotle\cym\vislib8\vislib8\Debug\aes.obj
G:\root\home\Aristotle\cym\vislib8\vislib8\Debug\bzip2.obj
G:\root\home\Aristotle\cym\vislib8\vislib8\Debug\cl.command.1.tlog
G:\root\home\Aristotle\cym\vislib8\vislib8\Debug\CL.read.1.tlog
G:\root\home\Aristotle\cym\vislib8\vislib8\Debug\CL.write.1.tlog
G:\root\home\Aristotle\cym\vislib8\vislib8\Debug\geometry.obj
G:\root\home\Aristotle\cym\vislib8\vislib8\Debug\glfuncs.obj
G:\root\home\Aristotle\cym\vislib8\vislib8\Debug\jpeg.obj
G:\root\home\Aristotle\cym\vislib8\vislib8\Debug\lib.command.1.tlog
G:\root\home\Aristotle\cym\vislib8\vislib8\Debug\Lib.read.1.tlog
G:\root\home\Aristotle\cym\vislib8\vislib8\Debug\Lib-link.read.1.tlog
G:\root\home\Aristotle\cym\vislib8\vislib8\Debug\Lib-link.write.1.tlog
G:\root\home\Aristotle\cym\vislib8\vislib8\Debug\net.obj
G:\root\home\Aristotle\cym\vislib8\vislib8\Debug\shaders.obj
G:\root\home\Aristotle\cym\vislib8\vislib8\Debug\surfaces.obj
G:\root\home\Aristotle\cym\vislib8\vislib8\Debug\vc100.idb
G:\root\home\Aristotle\cym\vislib8\vislib8\Debug\vc100.pdb
G:\root\home\Aristotle\cym\vislib8\vislib8\Debug\vislib.obj
