C:\USERS\ARISTOTLE\DOCUMENTS\VISUAL STUDIO 2010\PROJECTS\VISLIB8\RELEASE\VISLIB8.LIB
C:\Users\Aristotle\Documents\Visual Studio 2010\Projects\vislib8\vislib8\Release\aes.obj
C:\Users\Aristotle\Documents\Visual Studio 2010\Projects\vislib8\vislib8\Release\bzip2.obj
C:\Users\Aristotle\Documents\Visual Studio 2010\Projects\vislib8\vislib8\Release\CL.1392.read.1.tlog
C:\Users\Aristotle\Documents\Visual Studio 2010\Projects\vislib8\vislib8\Release\CL.1392.write.1.tlog
C:\Users\Aristotle\Documents\Visual Studio 2010\Projects\vislib8\vislib8\Release\CL.2744.read.1.tlog
C:\Users\Aristotle\Documents\Visual Studio 2010\Projects\vislib8\vislib8\Release\CL.2744.write.1.tlog
C:\Users\Aristotle\Documents\Visual Studio 2010\Projects\vislib8\vislib8\Release\CL.3960.read.1.tlog
C:\Users\Aristotle\Documents\Visual Studio 2010\Projects\vislib8\vislib8\Release\CL.3960.write.1.tlog
C:\Users\Aristotle\Documents\Visual Studio 2010\Projects\vislib8\vislib8\Release\CL.5168.read.1.tlog
C:\Users\Aristotle\Documents\Visual Studio 2010\Projects\vislib8\vislib8\Release\CL.5168.write.1.tlog
C:\Users\Aristotle\Documents\Visual Studio 2010\Projects\vislib8\vislib8\Release\cl.command.1.tlog
C:\Users\Aristotle\Documents\Visual Studio 2010\Projects\vislib8\vislib8\Release\CL.read.1.tlog
C:\Users\Aristotle\Documents\Visual Studio 2010\Projects\vislib8\vislib8\Release\cl.write.1.tlog
C:\Users\Aristotle\Documents\Visual Studio 2010\Projects\vislib8\vislib8\Release\geometry.obj
C:\Users\Aristotle\Documents\Visual Studio 2010\Projects\vislib8\vislib8\Release\glfuncs.obj
C:\Users\Aristotle\Documents\Visual Studio 2010\Projects\vislib8\vislib8\Release\jpeg.obj
C:\Users\Aristotle\Documents\Visual Studio 2010\Projects\vislib8\vislib8\Release\lib.command.1.tlog
C:\Users\Aristotle\Documents\Visual Studio 2010\Projects\vislib8\vislib8\Release\Lib-link.read.1.tlog
C:\Users\Aristotle\Documents\Visual Studio 2010\Projects\vislib8\vislib8\Release\Lib-link.write.1.tlog
C:\Users\Aristotle\Documents\Visual Studio 2010\Projects\vislib8\vislib8\Release\net.obj
C:\Users\Aristotle\Documents\Visual Studio 2010\Projects\vislib8\vislib8\Release\shaders.obj
C:\Users\Aristotle\Documents\Visual Studio 2010\Projects\vislib8\vislib8\Release\surfaces.obj
C:\USERS\ARISTOTLE\DOCUMENTS\VISUAL STUDIO 2010\PROJECTS\VISLIB8\VISLIB8\RELEASE\VC100.PDB
C:\Users\Aristotle\Documents\Visual Studio 2010\Projects\vislib8\vislib8\Release\vislib.obj
