C:\USERS\ARISTOTLE\DOCUMENTS\VISUAL STUDIO 2010\PROJECTS\VISLIB8\DEBUG\FRACT.EXE
C:\USERS\ARISTOTLE\DOCUMENTS\VISUAL STUDIO 2010\PROJECTS\VISLIB8\DEBUG\FRACT.ILK
C:\USERS\ARISTOTLE\DOCUMENTS\VISUAL STUDIO 2010\PROJECTS\VISLIB8\DEBUG\FRACT.PDB
C:\USERS\ARISTOTLE\DOCUMENTS\VISUAL STUDIO 2010\PROJECTS\VISLIB8\FRACT\DEBUG\MAIN.OBJ
C:\USERS\ARISTOTLE\DOCUMENTS\VISUAL STUDIO 2010\PROJECTS\VISLIB8\FRACT\DEBUG\MAIN.RES
C:\USERS\ARISTOTLE\DOCUMENTS\VISUAL STUDIO 2010\PROJECTS\VISLIB8\FRACT\DEBUG\VC100.PDB
G:\root\home\Aristotle\cym\vislib8\fract\Debug\cl.command.1.tlog
G:\root\home\Aristotle\cym\vislib8\fract\Debug\CL.read.1.tlog
G:\root\home\Aristotle\cym\vislib8\fract\Debug\CL.write.1.tlog
G:\root\home\Aristotle\cym\vislib8\fract\Debug\fract.write.1.tlog
G:\root\home\Aristotle\cym\vislib8\fract\Debug\link.command.1.tlog
G:\root\home\Aristotle\cym\vislib8\fract\Debug\link.read.1.tlog
G:\root\home\Aristotle\cym\vislib8\fract\Debug\link.write.1.tlog
G:\root\home\Aristotle\cym\vislib8\fract\Debug\link-cvtres.read.1.tlog
G:\root\home\Aristotle\cym\vislib8\fract\Debug\link-cvtres.write.1.tlog
G:\root\home\Aristotle\cym\vislib8\fract\Debug\main.obj
G:\root\home\Aristotle\cym\vislib8\fract\Debug\main.res
G:\root\home\Aristotle\cym\vislib8\fract\Debug\rc.command.1.tlog
G:\root\home\Aristotle\cym\vislib8\fract\Debug\rc.read.1.tlog
G:\root\home\Aristotle\cym\vislib8\fract\Debug\rc.write.1.tlog
G:\root\home\Aristotle\cym\vislib8\fract\Debug\vc100.idb
G:\root\home\Aristotle\cym\vislib8\fract\Debug\vc100.pdb
